<?xml version="1.0" encoding="UTF-8"?>
<testsuite xmlns:xsi="http://www.w3.org/2001/XMLSchema-instance" xsi:noNamespaceSchemaLocation="https://maven.apache.org/surefire/maven-surefire-plugin/xsd/surefire-test-report.xsd" name="CompteTest" time="0.013" tests="14" errors="0" skipped="0" failures="0">
  <properties>
    <property name="java.specification.version" value="18"/>
    <property name="sun.cpu.isalist" value="amd64"/>
    <property name="sun.jnu.encoding" value="Cp1252"/>
    <property name="java.class.path" value="C:\Users\fabfa\Desktop\S6\GL\GL_Fabio_VANDEWAETER_Groupe5\GL_Fabio_VANDEWAETER\target\test-classes;C:\Users\fabfa\Desktop\S6\GL\GL_Fabio_VANDEWAETER_Groupe5\GL_Fabio_VANDEWAETER\target\classes;C:\Users\fabfa\.m2\repository\org\junit\jupiter\junit-jupiter-engine\5.8.1\junit-jupiter-engine-5.8.1.jar;C:\Users\fabfa\.m2\repository\org\junit\platform\junit-platform-engine\1.8.1\junit-platform-engine-1.8.1.jar;C:\Users\fabfa\.m2\repository\org\opentest4j\opentest4j\1.2.0\opentest4j-1.2.0.jar;C:\Users\fabfa\.m2\repository\org\junit\platform\junit-platform-commons\1.8.1\junit-platform-commons-1.8.1.jar;C:\Users\fabfa\.m2\repository\org\junit\jupiter\junit-jupiter-api\5.8.1\junit-jupiter-api-5.8.1.jar;C:\Users\fabfa\.m2\repository\org\apiguardian\apiguardian-api\1.1.2\apiguardian-api-1.1.2.jar;"/>
    <property name="java.vm.vendor" value="Oracle Corporation"/>
    <property name="sun.arch.data.model" value="64"/>
    <property name="user.variant" value=""/>
    <property name="java.vendor.url" value="https://java.oracle.com/"/>
    <property name="user.timezone" value="Europe/Paris"/>
    <property name="os.name" value="Windows 11"/>
    <property name="java.vm.specification.version" value="18"/>
    <property name="sun.java.launcher" value="SUN_STANDARD"/>
    <property name="user.country" value="FR"/>
    <property name="sun.boot.library.path" value="C:\Program Files\Java\jdk-18.0.1.1\bin"/>
    <property name="sun.java.command" value="C:\Users\fabfa\AppData\Local\Temp\surefire11948989468561393881\surefirebooter7693944127449304986.jar C:\Users\fabfa\AppData\Local\Temp\surefire11948989468561393881 2024-01-22T00-00-33_398-jvmRun1 surefire3924367836660022824tmp surefire_04518142509287370216tmp"/>
    <property name="jdk.debug" value="release"/>
    <property name="surefire.test.class.path" value="C:\Users\fabfa\Desktop\S6\GL\GL_Fabio_VANDEWAETER_Groupe5\GL_Fabio_VANDEWAETER\target\test-classes;C:\Users\fabfa\Desktop\S6\GL\GL_Fabio_VANDEWAETER_Groupe5\GL_Fabio_VANDEWAETER\target\classes;C:\Users\fabfa\.m2\repository\org\junit\jupiter\junit-jupiter-engine\5.8.1\junit-jupiter-engine-5.8.1.jar;C:\Users\fabfa\.m2\repository\org\junit\platform\junit-platform-engine\1.8.1\junit-platform-engine-1.8.1.jar;C:\Users\fabfa\.m2\repository\org\opentest4j\opentest4j\1.2.0\opentest4j-1.2.0.jar;C:\Users\fabfa\.m2\repository\org\junit\platform\junit-platform-commons\1.8.1\junit-platform-commons-1.8.1.jar;C:\Users\fabfa\.m2\repository\org\junit\jupiter\junit-jupiter-api\5.8.1\junit-jupiter-api-5.8.1.jar;C:\Users\fabfa\.m2\repository\org\apiguardian\apiguardian-api\1.1.2\apiguardian-api-1.1.2.jar;"/>
    <property name="sun.cpu.endian" value="little"/>
    <property name="user.home" value="C:\Users\fabfa"/>
    <property name="user.language" value="fr"/>
    <property name="java.specification.vendor" value="Oracle Corporation"/>
    <property name="java.version.date" value="2022-04-22"/>
    <property name="java.home" value="C:\Program Files\Java\jdk-18.0.1.1"/>
    <property name="file.separator" value="\"/>
    <property name="basedir" value="C:\Users\fabfa\Desktop\S6\GL\GL_Fabio_VANDEWAETER_Groupe5\GL_Fabio_VANDEWAETER"/>
    <property name="java.vm.compressedOopsMode" value="Zero based"/>
    <property name="line.separator" value="&#10;"/>
    <property name="java.vm.specification.vendor" value="Oracle Corporation"/>
    <property name="java.specification.name" value="Java Platform API Specification"/>
    <property name="surefire.real.class.path" value="C:\Users\fabfa\AppData\Local\Temp\surefire11948989468561393881\surefirebooter7693944127449304986.jar"/>
    <property name="user.script" value=""/>
    <property name="sun.management.compiler" value="HotSpot 64-Bit Tiered Compilers"/>
    <property name="java.runtime.version" value="18.0.1.1+2-6"/>
    <property name="user.name" value="fabfa"/>
    <property name="path.separator" value=";"/>
    <property name="os.version" value="10.0"/>
    <property name="java.runtime.name" value="Java(TM) SE Runtime Environment"/>
    <property name="file.encoding" value="UTF-8"/>
    <property name="java.vm.name" value="Java HotSpot(TM) 64-Bit Server VM"/>
    <property name="localRepository" value="C:\Users\fabfa\.m2\repository"/>
    <property name="java.vendor.url.bug" value="https://bugreport.java.com/bugreport/"/>
    <property name="java.io.tmpdir" value="C:\Users\fabfa\AppData\Local\Temp\"/>
    <property name="java.version" value="18.0.1.1"/>
    <property name="user.dir" value="C:\Users\fabfa\Desktop\S6\GL\GL_Fabio_VANDEWAETER_Groupe5\GL_Fabio_VANDEWAETER"/>
    <property name="os.arch" value="amd64"/>
    <property name="java.vm.specification.name" value="Java Virtual Machine Specification"/>
    <property name="sun.os.patch.level" value=""/>
    <property name="native.encoding" value="Cp1252"/>
    <property name="java.library.path" value="C:\Program Files\Java\jdk-18.0.1.1\bin;C:\WINDOWS\Sun\Java\bin;C:\WINDOWS\system32;C:\WINDOWS;C:\Program Files\Common Files\Oracle\Java\javapath;C:\Program Files (x86)\Common Files\Oracle\Java\javapath;C:\WINDOWS\system32;C:\WINDOWS;C:\WINDOWS\System32\Wbem;C:\WINDOWS\System32\WindowsPowerShell\v1.0\;C:\WINDOWS\System32\OpenSSH\;C:\Program Files (x86)\dotnet\;C:\Program Files\Git\cmd;C:\Program Files\dotnet\;C:\Program Files\Calibre2\;C:\Program Files (x86)\NVIDIA Corporation\PhysX\Common;C:\Program Files\NVIDIA Corporation\NVIDIA NvDLISR;C:\Program Files\Docker\Docker\resources\bin;C:\Users\fabfa\AppData\Local\Programs\Python\Python310\Scripts\;C:\Users\fabfa\AppData\Local\Programs\Python\Python310\;C:\Users\fabfa\AppData\Local\Microsoft\WindowsApps;C:\Users\fabfa\AppData\Local\atom\bin;C:\Program Files\JetBrains\IntelliJ IDEA Community Edition 2022.1.3\bin;;C:\Users\fabfa\AppData\Local\Microsoft\WindowsApps;;C:\Users\fabfa\AppData\Local\Programs\Microsoft VS Code\bin;C:\Users\fabfa\.dotnet\tools;C:\Program Files (x86)\Nmap;C:\Program Files\Neovim\bin;."/>
    <property name="java.vm.info" value="mixed mode, sharing"/>
    <property name="java.vendor" value="Oracle Corporation"/>
    <property name="java.vm.version" value="18.0.1.1+2-6"/>
    <property name="sun.io.unicode.encoding" value="UnicodeLittle"/>
    <property name="java.class.version" value="62.0"/>
  </properties>
  <testcase name="accountBalanceIsGoodAfterCreditsAndDebits" classname="CompteTest" time="0"/>
  <testcase name="newAccountsStartWithCreditAndDebitOf0" classname="CompteTest" time="0"/>
  <testcase name="debitAccountDoesNotIncrementCreditVariableWhenNegativeAmount" classname="CompteTest" time="0"/>
  <testcase name="creditAccountIncrementsCreditVariable" classname="CompteTest" time="0"/>
  <testcase name="creditAccountDoesNotAppendCreditsArrayWhenAdd0" classname="CompteTest" time="0"/>
  <testcase name="creditAccountResetCreditsArrayWhenMaxCapacityReached" classname="CompteTest" time="0"/>
  <testcase name="debitAccountIncrementsDebitVariable" classname="CompteTest" time="0.004"/>
  <testcase name="debitAccountDoesNotAppendDebitsArrayWhenMoreThan100000" classname="CompteTest" time="0"/>
  <testcase name="creditAccountDoesNotAppendCreditsArrayWhenMoreThan100000" classname="CompteTest" time="0"/>
  <testcase name="debitAccountDoesNotAppendDebitsArrayWhenAdd0" classname="CompteTest" time="0"/>
  <testcase name="creditAccountAppendCreditsArray" classname="CompteTest" time="0.007"/>
  <testcase name="creditAccountDoesNotIncrementCreditVariableWhenNegativeAmount" classname="CompteTest" time="0"/>
  <testcase name="debitAccountAppendDebitsArray" classname="CompteTest" time="0.001"/>
  <testcase name="debitAccountResetDebitsArrayWhenMaxCapacityReached" classname="CompteTest" time="0"/>
</testsuite>